\BOOKMARK [0][-]{Doc-Start}{ACKNOWLEDGEMENTS}{}% 1
\BOOKMARK [0][-]{Doc-Start}{LIST OF FIGURES}{}% 2
\BOOKMARK [0][-]{Doc-Start}{LIST OF TABLES}{}% 3
\BOOKMARK [0][-]{Doc-Start}{LIST OF ABBREVIATIONS}{}% 4
\BOOKMARK [0][-]{chapter.1}{INTRODUCTION}{}% 5
\BOOKMARK [1][-]{section.1.1}{Background}{chapter.1}% 6
\BOOKMARK [1][-]{section.1.2}{Motivation}{chapter.1}% 7
\BOOKMARK [1][-]{section.1.3}{Problem Statement}{chapter.1}% 8
\BOOKMARK [1][-]{section.1.4}{Research Questions}{chapter.1}% 9
\BOOKMARK [1][-]{section.1.5}{Hypothesis}{chapter.1}% 10
\BOOKMARK [1][-]{section.1.6}{Research Objectives}{chapter.1}% 11
\BOOKMARK [1][-]{section.1.7}{Scope and limitations of the study}{chapter.1}% 12
\BOOKMARK [1][-]{section.1.8}{Significance of the study}{chapter.1}% 13
\BOOKMARK [0][-]{chapter.2}{LITERATURE REVIEW}{}% 14
\BOOKMARK [1][-]{section.2.1}{Different Sub Sections}{chapter.2}% 15
\BOOKMARK [2][-]{subsection.2.1.1}{Subsection 1}{section.2.1}% 16
\BOOKMARK [2][-]{subsection.2.1.2}{Subsection 2}{section.2.1}% 17
\BOOKMARK [2][-]{subsection.2.1.3}{Subsection 3}{section.2.1}% 18
\BOOKMARK [0][-]{chapter.3}{RESEARCH METHODOLOGY}{}% 19
\BOOKMARK [1][-]{section.3.1}{Figures}{chapter.3}% 20
\BOOKMARK [0][-]{chapter.4}{RESULTS AND DISCUSSION}{}% 21
\BOOKMARK [0][-]{chapter.5}{CONCLUSIONS AND FUTURE WORK}{}% 22
\BOOKMARK [0][-]{section*.6}{Appendices}{}% 23
\BOOKMARK [1][-]{section.Alph0.1}{Appendix A}{section*.6}% 24
\BOOKMARK [1][-]{section.Alph0.2}{Appendix B}{section*.6}% 25
